<?xml version="1.0" encoding="UTF-8"?>
<testsuite xmlns:xsi="http://www.w3.org/2001/XMLSchema-instance" xsi:noNamespaceSchemaLocation="https://maven.apache.org/surefire/maven-surefire-plugin/xsd/surefire-test-report-3.0.xsd" version="3.0" name="edu.escuelaing.arep.SimpleWebServerTest" time="1.398" tests="5" errors="0" skipped="0" failures="0">
  <properties>
    <property name="java.specification.version" value="21"/>
    <property name="sun.cpu.isalist" value="amd64"/>
    <property name="sun.jnu.encoding" value="Cp1252"/>
    <property name="java.class.path" value="C:\Users\Usuario\Desktop\2024-2 The Last\Arep\Aplicaciones-Distribuidas\target\test-classes;C:\Users\Usuario\Desktop\2024-2 The Last\Arep\Aplicaciones-Distribuidas\target\classes;C:\Users\Usuario\.m2\repository\junit\junit\3.8.1\junit-3.8.1.jar;C:\Users\Usuario\.m2\repository\org\junit\jupiter\junit-jupiter\5.8.2\junit-jupiter-5.8.2.jar;C:\Users\Usuario\.m2\repository\org\junit\jupiter\junit-jupiter-api\5.8.2\junit-jupiter-api-5.8.2.jar;C:\Users\Usuario\.m2\repository\org\opentest4j\opentest4j\1.2.0\opentest4j-1.2.0.jar;C:\Users\Usuario\.m2\repository\org\junit\platform\junit-platform-commons\1.8.2\junit-platform-commons-1.8.2.jar;C:\Users\Usuario\.m2\repository\org\apiguardian\apiguardian-api\1.1.2\apiguardian-api-1.1.2.jar;C:\Users\Usuario\.m2\repository\org\junit\jupiter\junit-jupiter-params\5.8.2\junit-jupiter-params-5.8.2.jar;C:\Users\Usuario\.m2\repository\org\junit\jupiter\junit-jupiter-engine\5.8.2\junit-jupiter-engine-5.8.2.jar;C:\Users\Usuario\.m2\repository\org\junit\platform\junit-platform-engine\1.8.2\junit-platform-engine-1.8.2.jar;C:\Users\Usuario\.m2\repository\org\json\json\20230227\json-20230227.jar;"/>
    <property name="java.vm.vendor" value="Oracle Corporation"/>
    <property name="sun.arch.data.model" value="64"/>
    <property name="user.variant" value=""/>
    <property name="java.vendor.url" value="https://java.oracle.com/"/>
    <property name="user.timezone" value="America/Bogota"/>
    <property name="os.name" value="Windows 10"/>
    <property name="java.vm.specification.version" value="21"/>
    <property name="sun.java.launcher" value="SUN_STANDARD"/>
    <property name="user.country" value="ES"/>
    <property name="sun.boot.library.path" value="C:\Program Files\Java\jdk-21\bin"/>
    <property name="sun.java.command" value="C:\Users\Usuario\AppData\Local\Temp\surefire3296857023371921404\surefirebooter-20240825161204315_3.jar C:\Users\Usuario\AppData\Local\Temp\surefire3296857023371921404 2024-08-25T16-12-04_161-jvmRun1 surefire-20240825161204315_1tmp surefire_0-20240825161204315_2tmp"/>
    <property name="jdk.debug" value="release"/>
    <property name="surefire.test.class.path" value="C:\Users\Usuario\Desktop\2024-2 The Last\Arep\Aplicaciones-Distribuidas\target\test-classes;C:\Users\Usuario\Desktop\2024-2 The Last\Arep\Aplicaciones-Distribuidas\target\classes;C:\Users\Usuario\.m2\repository\junit\junit\3.8.1\junit-3.8.1.jar;C:\Users\Usuario\.m2\repository\org\junit\jupiter\junit-jupiter\5.8.2\junit-jupiter-5.8.2.jar;C:\Users\Usuario\.m2\repository\org\junit\jupiter\junit-jupiter-api\5.8.2\junit-jupiter-api-5.8.2.jar;C:\Users\Usuario\.m2\repository\org\opentest4j\opentest4j\1.2.0\opentest4j-1.2.0.jar;C:\Users\Usuario\.m2\repository\org\junit\platform\junit-platform-commons\1.8.2\junit-platform-commons-1.8.2.jar;C:\Users\Usuario\.m2\repository\org\apiguardian\apiguardian-api\1.1.2\apiguardian-api-1.1.2.jar;C:\Users\Usuario\.m2\repository\org\junit\jupiter\junit-jupiter-params\5.8.2\junit-jupiter-params-5.8.2.jar;C:\Users\Usuario\.m2\repository\org\junit\jupiter\junit-jupiter-engine\5.8.2\junit-jupiter-engine-5.8.2.jar;C:\Users\Usuario\.m2\repository\org\junit\platform\junit-platform-engine\1.8.2\junit-platform-engine-1.8.2.jar;C:\Users\Usuario\.m2\repository\org\json\json\20230227\json-20230227.jar;"/>
    <property name="sun.cpu.endian" value="little"/>
    <property name="user.home" value="C:\Users\Usuario"/>
    <property name="user.language" value="es"/>
    <property name="java.specification.vendor" value="Oracle Corporation"/>
    <property name="java.version.date" value="2023-10-17"/>
    <property name="java.home" value="C:\Program Files\Java\jdk-21"/>
    <property name="file.separator" value="\"/>
    <property name="basedir" value="C:\Users\Usuario\Desktop\2024-2 The Last\Arep\Aplicaciones-Distribuidas"/>
    <property name="java.vm.compressedOopsMode" value="Zero based"/>
    <property name="line.separator" value="&#10;"/>
    <property name="java.vm.specification.vendor" value="Oracle Corporation"/>
    <property name="java.specification.name" value="Java Platform API Specification"/>
    <property name="surefire.real.class.path" value="C:\Users\Usuario\AppData\Local\Temp\surefire3296857023371921404\surefirebooter-20240825161204315_3.jar"/>
    <property name="user.script" value=""/>
    <property name="sun.management.compiler" value="HotSpot 64-Bit Tiered Compilers"/>
    <property name="java.runtime.version" value="21.0.1+12-LTS-29"/>
    <property name="user.name" value="Usuario"/>
    <property name="stdout.encoding" value="Cp1252"/>
    <property name="path.separator" value=";"/>
    <property name="os.version" value="10.0"/>
    <property name="java.runtime.name" value="Java(TM) SE Runtime Environment"/>
    <property name="file.encoding" value="UTF-8"/>
    <property name="java.vm.name" value="Java HotSpot(TM) 64-Bit Server VM"/>
    <property name="localRepository" value="C:\Users\Usuario\.m2\repository"/>
    <property name="java.vendor.url.bug" value="https://bugreport.java.com/bugreport/"/>
    <property name="java.io.tmpdir" value="C:\Users\Usuario\AppData\Local\Temp\"/>
    <property name="java.version" value="21.0.1"/>
    <property name="user.dir" value="C:\Users\Usuario\Desktop\2024-2 The Last\Arep\Aplicaciones-Distribuidas"/>
    <property name="os.arch" value="amd64"/>
    <property name="java.vm.specification.name" value="Java Virtual Machine Specification"/>
    <property name="sun.os.patch.level" value=""/>
    <property name="native.encoding" value="Cp1252"/>
    <property name="java.library.path" value="C:\Program Files\Java\jdk-21\bin;C:\Windows\Sun\Java\bin;C:\Windows\system32;C:\Windows;C:\Program Files (x86)\VMware\VMware Player\bin\;C:\Program Files\Common Files\Oracle\Java\javapath;C:\Windows\system32;C:\Windows;C:\Windows\System32\Wbem;C:\Windows\System32\WindowsPowerShell\v1.0\;C:\Windows\System32\OpenSSH\;C:\Program Files (x86)\Windows Live\Shared;C:\Program Files (x86)\NVIDIA Corporation\PhysX\Common;C:\Program Files\NVIDIA Corporation\NVIDIA NvDLISR;C:\Program Files\Git\cmd;C:\Program Files\Java\jre-1.8.0_391\bin;C:\Program Files\dotnet\;C:\Program Files\nodejs\;C:\Workspace\apache-maven-3.9.7\bin;;C:\Program Files\Docker\Docker\resources\bin;C:\Users\Usuario\AppData\Local\Programs\Python\Python311\Scripts\;C:\Users\Usuario\AppData\Local\Programs\Python\Python311\;C:\Users\Usuario\AppData\Local\Microsoft\WindowsApps;C:\Program Files\JetBrains\PyCharm Community Edition 2022.3.2\bin;;C:\Program Files\Java\jre-1.8\bin;C:\Users\Usuario\AppData\Local\Programs\Microsoft VS Code\bin;C:\Users\Usuario\AppData\Roaming\npm;C:\Program Files\MongoDB\Server\7.0\bin;;."/>
    <property name="java.vm.info" value="mixed mode, sharing"/>
    <property name="stderr.encoding" value="Cp1252"/>
    <property name="java.vendor" value="Oracle Corporation"/>
    <property name="java.vm.version" value="21.0.1+12-LTS-29"/>
    <property name="sun.io.unicode.encoding" value="UnicodeLittle"/>
    <property name="java.class.version" value="65.0"/>
  </properties>
  <testcase name="testHandleFileNotFound" classname="edu.escuelaing.arep.SimpleWebServerTest" time="0.311">
    <system-out><![CDATA[Ready to receive on port 8080...
Request line: GET /nonexistentfile.html HTTP/1.1
Header: Connection: Upgrade, HTTP2-Settings
]]></system-out>
  </testcase>
  <testcase name="testEchoServicePOST" classname="edu.escuelaing.arep.SimpleWebServerTest" time="0.009">
    <system-out><![CDATA[Request line: POST /app/echo HTTP/1.1
Header: Connection: Upgrade, HTTP2-Settings
Respuesta texto plano: Echo: Test message
]]></system-out>
  </testcase>
  <testcase name="testConcurrentRequests" classname="edu.escuelaing.arep.SimpleWebServerTest" time="0.017">
    <system-out><![CDATA[Request line: GET /index.html HTTP/1.1
Header: Connection: Upgrade, HTTP2-Settings
Request line: GET /index.html HTTP/1.1
Header: Connection: Upgrade, HTTP2-Settings
Request line: GET /index.html HTTP/1.1
Header: Connection: Upgrade, HTTP2-Settings
Request line: GET /index.html HTTP/1.1
Header: Connection: Upgrade, HTTP2-Settings
Request line: GET /index.html HTTP/1.1
Header: Connection: Upgrade, HTTP2-Settings
Request line: GET /index.html HTTP/1.1
Request line: GET /index.html HTTP/1.1
Header: Connection: Upgrade, HTTP2-Settings
Header: Connection: Upgrade, HTTP2-Settings
Request line: GET /index.html HTTP/1.1
Header: Connection: Upgrade, HTTP2-Settings
Request line: GET /index.html HTTP/1.1
Header: Connection: Upgrade, HTTP2-Settings
Request line: GET /index.html HTTP/1.1
Header: Connection: Upgrade, HTTP2-Settings
Status Code: 200
Status Code: 200
Status Code: 200
Status Code: 200
Status Code: 200
Status Code: 200
Status Code: 200
Status Code: 200
Status Code: 200
Status Code: 200
]]></system-out>
  </testcase>
  <testcase name="testHelloServiceGET" classname="edu.escuelaing.arep.SimpleWebServerTest" time="0.01">
    <system-out><![CDATA[Request line: GET /app/hello?name=sebas HTTP/1.1
Header: Connection: Upgrade, HTTP2-Settings
Respuesta texto plano: Hola, sebas
]]></system-out>
  </testcase>
  <testcase name="testGetContentType" classname="edu.escuelaing.arep.SimpleWebServerTest" time="0.007"/>
</testsuite>